27-Nov-2017 18:50:36.232 INFO [main] org.apache.catalina.core.AprLifecycleListener.lifecycleEvent The APR based Apache Tomcat Native library which allows optimal performance in production environments was not found on the java.library.path: [/Users/mitchellduffy/Library/Java/Extensions:/Library/Java/Extensions:/Network/Library/Java/Extensions:/System/Library/Java/Extensions:/usr/lib/java:.]
27-Nov-2017 18:50:37.030 INFO [main] org.apache.coyote.AbstractProtocol.init Initializing ProtocolHandler ["http-nio-8080"]
27-Nov-2017 18:50:37.105 INFO [main] org.apache.tomcat.util.net.NioSelectorPool.getSharedSelector Using a shared selector for servlet write/read
27-Nov-2017 18:50:37.225 INFO [main] org.apache.coyote.AbstractProtocol.init Initializing ProtocolHandler ["ajp-nio-8009"]
27-Nov-2017 18:50:37.260 INFO [main] org.apache.tomcat.util.net.NioSelectorPool.getSharedSelector Using a shared selector for servlet write/read
27-Nov-2017 18:50:37.261 INFO [main] org.apache.catalina.startup.Catalina.load Initialization processed in 2798 ms
27-Nov-2017 18:50:37.519 INFO [main] org.apache.catalina.core.StandardService.startInternal Starting service [Catalina]
27-Nov-2017 18:50:37.520 INFO [main] org.apache.catalina.core.StandardEngine.startInternal Starting Servlet Engine: Apache Tomcat/8.5.15
27-Nov-2017 18:50:37.589 INFO [localhost-startStop-1] org.apache.catalina.startup.HostConfig.deployWAR Deploying web application archive [/Users/mitchellduffy/Documents/Coding/myhippoproject/target/tomcat8x/webapps/site.war]
27-Nov-2017 18:50:37.669 INFO [localhost-startStop-1] org.apache.catalina.realm.JAASRealm.setUseContextClassLoader Setting useContextClassLoader = true
27-Nov-2017 18:51:11.987 INFO [localhost-startStop-1] org.apache.catalina.startup.HostConfig.deployWAR Deployment of web application archive [/Users/mitchellduffy/Documents/Coding/myhippoproject/target/tomcat8x/webapps/site.war] has finished in [34,397] ms
27-Nov-2017 18:51:11.990 INFO [localhost-startStop-1] org.apache.catalina.startup.HostConfig.deployWAR Deploying web application archive [/Users/mitchellduffy/Documents/Coding/myhippoproject/target/tomcat8x/webapps/essentials.war]
27-Nov-2017 18:51:38.431 INFO [localhost-startStop-1] org.apache.cxf.endpoint.ServerImpl.initDestination Setting the server's publish address to be /
27-Nov-2017 18:51:39.476 INFO [localhost-startStop-1] org.apache.cxf.endpoint.ServerImpl.initDestination Setting the server's publish address to be /system
27-Nov-2017 18:51:39.530 INFO [localhost-startStop-1] org.apache.catalina.startup.HostConfig.deployWAR Deployment of web application archive [/Users/mitchellduffy/Documents/Coding/myhippoproject/target/tomcat8x/webapps/essentials.war] has finished in [27,540] ms
27-Nov-2017 18:51:39.531 INFO [localhost-startStop-1] org.apache.catalina.startup.HostConfig.deployWAR Deploying web application archive [/Users/mitchellduffy/Documents/Coding/myhippoproject/target/tomcat8x/webapps/cargocpc.war]
27-Nov-2017 18:51:39.893 INFO [localhost-startStop-1] org.apache.catalina.startup.HostConfig.deployWAR Deployment of web application archive [/Users/mitchellduffy/Documents/Coding/myhippoproject/target/tomcat8x/webapps/cargocpc.war] has finished in [361] ms
27-Nov-2017 18:51:39.895 INFO [localhost-startStop-1] org.apache.catalina.startup.HostConfig.deployWAR Deploying web application archive [/Users/mitchellduffy/Documents/Coding/myhippoproject/target/tomcat8x/webapps/cms.war]
27-Nov-2017 18:52:36.115 INFO [localhost-startStop-1] org.apache.catalina.startup.HostConfig.deployWAR Deployment of web application archive [/Users/mitchellduffy/Documents/Coding/myhippoproject/target/tomcat8x/webapps/cms.war] has finished in [56,220] ms
27-Nov-2017 18:52:36.116 INFO [localhost-startStop-1] org.apache.catalina.startup.HostConfig.deployDirectory Deploying web application directory [/Users/mitchellduffy/Documents/Coding/myhippoproject/target/tomcat8x/webapps/manager]
27-Nov-2017 18:52:36.242 INFO [localhost-startStop-1] org.apache.catalina.startup.HostConfig.deployDirectory Deployment of web application directory [/Users/mitchellduffy/Documents/Coding/myhippoproject/target/tomcat8x/webapps/manager] has finished in [126] ms
27-Nov-2017 18:52:36.245 INFO [localhost-startStop-1] org.apache.catalina.startup.HostConfig.deployDirectory Deploying web application directory [/Users/mitchellduffy/Documents/Coding/myhippoproject/target/tomcat8x/webapps/host-manager]
27-Nov-2017 18:52:36.327 INFO [localhost-startStop-1] org.apache.catalina.startup.HostConfig.deployDirectory Deployment of web application directory [/Users/mitchellduffy/Documents/Coding/myhippoproject/target/tomcat8x/webapps/host-manager] has finished in [82] ms
27-Nov-2017 18:52:36.338 INFO [main] org.apache.coyote.AbstractProtocol.start Starting ProtocolHandler ["http-nio-8080"]
27-Nov-2017 18:52:36.360 INFO [main] org.apache.coyote.AbstractProtocol.start Starting ProtocolHandler ["ajp-nio-8009"]
27-Nov-2017 18:52:36.364 INFO [main] org.apache.catalina.startup.Catalina.start Server startup in 119103 ms
27-Nov-2017 18:57:10.295 INFO [Thread-17] org.apache.coyote.AbstractProtocol.pause Pausing ProtocolHandler ["http-nio-8080"]
27-Nov-2017 18:57:10.376 INFO [Thread-17] org.apache.coyote.AbstractProtocol.pause Pausing ProtocolHandler ["ajp-nio-8009"]
27-Nov-2017 18:57:10.378 INFO [Thread-17] org.apache.catalina.core.StandardService.stopInternal Stopping service [Catalina]
27-Nov-2017 18:57:11.708 WARNING [localhost-startStop-2] org.apache.catalina.loader.WebappClassLoaderBase.clearReferencesJdbc The web application [cms] registered the JDBC driver [org.h2.Driver] but failed to unregister it when the web application was stopped. To prevent a memory leak, the JDBC Driver has been forcibly unregistered.
27-Nov-2017 18:57:11.710 WARNING [localhost-startStop-2] org.apache.catalina.loader.WebappClassLoaderBase.clearReferencesThreads The web application [cms] appears to have started a thread named [pool-9-thread-1] but has failed to stop it. This is very likely to create a memory leak. Stack trace of thread:
 sun.misc.Unsafe.park(Native Method)
 java.util.concurrent.locks.LockSupport.park(LockSupport.java:175)
 java.util.concurrent.locks.AbstractQueuedSynchronizer$ConditionObject.await(AbstractQueuedSynchronizer.java:2039)
 java.util.concurrent.ScheduledThreadPoolExecutor$DelayedWorkQueue.take(ScheduledThreadPoolExecutor.java:1081)
 java.util.concurrent.ScheduledThreadPoolExecutor$DelayedWorkQueue.take(ScheduledThreadPoolExecutor.java:809)
 java.util.concurrent.ThreadPoolExecutor.getTask(ThreadPoolExecutor.java:1074)
 java.util.concurrent.ThreadPoolExecutor.runWorker(ThreadPoolExecutor.java:1134)
 java.util.concurrent.ThreadPoolExecutor$Worker.run(ThreadPoolExecutor.java:624)
 java.lang.Thread.run(Thread.java:748)
27-Nov-2017 18:57:11.711 WARNING [localhost-startStop-2] org.apache.catalina.loader.WebappClassLoaderBase.clearReferencesThreads The web application [cms] appears to have started a thread named [Wicket-PageSavingThread] but has failed to stop it. This is very likely to create a memory leak. Stack trace of thread:
 sun.misc.Unsafe.park(Native Method)
 java.util.concurrent.locks.LockSupport.parkNanos(LockSupport.java:215)
 java.util.concurrent.locks.AbstractQueuedSynchronizer$ConditionObject.awaitNanos(AbstractQueuedSynchronizer.java:2078)
 java.util.concurrent.LinkedBlockingQueue.poll(LinkedBlockingQueue.java:467)
 org.apache.wicket.pageStore.AsynchronousDataStore$PageSavingRunnable.run(AsynchronousDataStore.java:345)
 java.lang.Thread.run(Thread.java:748)
27-Nov-2017 18:57:11.712 WARNING [localhost-startStop-2] org.apache.catalina.loader.WebappClassLoaderBase.clearReferencesThreads The web application [cms] appears to have started a thread named [Wicket-PageSavingThread] but has failed to stop it. This is very likely to create a memory leak. Stack trace of thread:
 sun.misc.Unsafe.park(Native Method)
 java.util.concurrent.locks.LockSupport.parkNanos(LockSupport.java:215)
 java.util.concurrent.locks.AbstractQueuedSynchronizer$ConditionObject.awaitNanos(AbstractQueuedSynchronizer.java:2078)
 java.util.concurrent.LinkedBlockingQueue.poll(LinkedBlockingQueue.java:467)
 org.apache.wicket.pageStore.AsynchronousDataStore$PageSavingRunnable.run(AsynchronousDataStore.java:345)
 java.lang.Thread.run(Thread.java:748)
27-Nov-2017 18:57:12.035 INFO [Thread-17] org.apache.coyote.AbstractProtocol.stop Stopping ProtocolHandler ["http-nio-8080"]
27-Nov-2017 18:57:12.041 INFO [Thread-17] org.apache.coyote.AbstractProtocol.stop Stopping ProtocolHandler ["ajp-nio-8009"]
27-Nov-2017 18:57:12.046 INFO [Thread-17] org.apache.coyote.AbstractProtocol.destroy Destroying ProtocolHandler ["http-nio-8080"]
27-Nov-2017 18:57:12.047 INFO [Thread-17] org.apache.coyote.AbstractProtocol.destroy Destroying ProtocolHandler ["ajp-nio-8009"]
